2018-06-30 21:03:13,900 - Loaded System Directive: org.apache.velocity.runtime.directive.Foreach
2018-06-30 21:03:13,964 - Created: 20 parsers.
2018-06-30 21:03:13,990 - Velocimacro : initialization starting.
2018-06-30 21:03:13,990 - Velocimacro : adding VMs from VM library template : VM_global_library.vm
2018-06-30 21:03:13,997 - ResourceManager : unable to find resource 'VM_global_library.vm' in any resource loader.
2018-06-30 21:03:13,997 - Velocimacro : error using  VM library template VM_global_library.vm : org.apache.velocity.exception.ResourceNotFoundException: Unable to find resource 'VM_global_library.vm'
2018-06-30 21:03:13,997 - Velocimacro :  VM library template macro registration complete.
2018-06-30 21:03:13,997 - Velocimacro : allowInline = true : VMs can be defined inline in templates
2018-06-30 21:03:13,997 - Velocimacro : allowInlineToOverride = false : VMs defined inline may NOT replace previous VM definitions
2018-06-30 21:03:13,997 - Velocimacro : allowInlineLocal = false : VMs defined inline will be  global in scope if allowed.
2018-06-30 21:03:13,997 - Velocimacro : messages on  : VM system will output logging messages
2018-06-30 21:03:13,997 - Velocimacro : autoload off  : VM system will not automatically reload global library macros
2018-06-30 21:03:13,997 - Velocimacro : initialization complete.
2018-06-30 21:03:13,997 - Velocity successfully started.
2018-06-30 21:05:45,376 - SimpleLog4JLogSystem initialized using logfile 'velocity.log'
2018-06-30 21:05:45,376 - ************************************************************** 
2018-06-30 21:05:45,376 - Starting Jakarta Velocity v1.4
2018-06-30 21:05:45,376 - RuntimeInstance initializing.
2018-06-30 21:05:45,376 - Default Properties File: org/apache/velocity/runtime/defaults/velocity.properties
2018-06-30 21:05:45,376 - Trying to use logger class org.apache.velocity.runtime.log.SimpleLog4JLogSystem
2018-06-30 21:05:45,376 - Using logger class org.apache.velocity.runtime.log.SimpleLog4JLogSystem
2018-06-30 21:05:45,384 - Default ResourceManager initializing. (class org.apache.velocity.runtime.resource.ResourceManagerImpl)
2018-06-30 21:05:45,393 - Resource Loader Instantiated: org.apache.velocity.runtime.resource.loader.ClasspathResourceLoader
2018-06-30 21:05:45,393 - ClasspathResourceLoader : initialization starting.
2018-06-30 21:05:45,393 - ClasspathResourceLoader : initialization complete.
2018-06-30 21:05:45,399 - ResourceCache : initialized. (class org.apache.velocity.runtime.resource.ResourceCacheImpl)
2018-06-30 21:05:45,399 - Default ResourceManager initialization complete.
2018-06-30 21:05:45,411 - Loaded System Directive: org.apache.velocity.runtime.directive.Literal
2018-06-30 21:05:45,416 - Loaded System Directive: org.apache.velocity.runtime.directive.Macro
2018-06-30 21:05:45,425 - Loaded System Directive: org.apache.velocity.runtime.directive.Parse
2018-06-30 21:05:45,439 - Loaded System Directive: org.apache.velocity.runtime.directive.Include
2018-06-30 21:05:45,442 - Loaded System Directive: org.apache.velocity.runtime.directive.Foreach
2018-06-30 21:05:45,528 - Created: 20 parsers.
2018-06-30 21:05:45,549 - Velocimacro : initialization starting.
2018-06-30 21:05:45,549 - Velocimacro : adding VMs from VM library template : VM_global_library.vm
2018-06-30 21:05:45,554 - ResourceManager : unable to find resource 'VM_global_library.vm' in any resource loader.
2018-06-30 21:05:45,554 - Velocimacro : error using  VM library template VM_global_library.vm : org.apache.velocity.exception.ResourceNotFoundException: Unable to find resource 'VM_global_library.vm'
2018-06-30 21:05:45,554 - Velocimacro :  VM library template macro registration complete.
2018-06-30 21:05:45,554 - Velocimacro : allowInline = true : VMs can be defined inline in templates
2018-06-30 21:05:45,554 - Velocimacro : allowInlineToOverride = false : VMs defined inline may NOT replace previous VM definitions
2018-06-30 21:05:45,554 - Velocimacro : allowInlineLocal = false : VMs defined inline will be  global in scope if allowed.
2018-06-30 21:05:45,554 - Velocimacro : messages on  : VM system will output logging messages
2018-06-30 21:05:45,554 - Velocimacro : autoload off  : VM system will not automatically reload global library macros
2018-06-30 21:05:45,554 - Velocimacro : initialization complete.
2018-06-30 21:05:45,554 - Velocity successfully started.
